\BOOKMARK [0][-]{chapter.1}{\376\377\173\054\0001\172\340\000\040\000\040\137\025\212\000}{}% 1
\BOOKMARK [1][-]{section.1.1}{\376\377\0001\000.\0001\000\040\174\373\176\337\211\201\154\102}{chapter.1}% 2
\BOOKMARK [1][-]{section.1.2}{\376\377\0001\000.\0002\000\040\225\356\230\230\123\315\231\210}{chapter.1}% 3
\BOOKMARK [1][-]{section.1.3}{\376\377\0001\000.\0003\000\040\152\041\147\177\116\013\217\175}{chapter.1}% 4
\BOOKMARK [0][-]{chapter.2}{\376\377\173\054\0002\172\340\000\040\000\040\000L\000a\000T\000e\000X\117\177\165\050\213\364\146\016}{}% 5
\BOOKMARK [1][-]{section.2.1}{\376\377\0002\000.\0001\000\040\121\110\213\325\213\325\145\110\147\234}{chapter.2}% 6
\BOOKMARK [1][-]{section.2.2}{\376\377\0002\000.\0002\000\040\145\207\150\143\166\356\137\125\173\200\116\313}{chapter.2}% 7
\BOOKMARK [2][-]{subsection.2.2.1}{2.2.1\040Thesis.tex}{section.2.2}% 8
\BOOKMARK [2][-]{subsection.2.2.2}{\376\377\0002\000.\0002\000.\0002\000\040\177\026\213\321\201\032\147\054}{section.2.2}% 9
\BOOKMARK [2][-]{subsection.2.2.3}{\376\377\0002\000.\0002\000.\0003\000\040\000T\000m\000p\145\207\116\366\131\071}{section.2.2}% 10
\BOOKMARK [2][-]{subsection.2.2.4}{\376\377\0002\000.\0002\000.\0004\000\040\000S\000t\000y\000l\000e\145\207\116\366\131\071}{section.2.2}% 11
\BOOKMARK [2][-]{subsection.2.2.5}{\376\377\0002\000.\0002\000.\0005\000\040\000T\000e\000x\145\207\116\366\131\071}{section.2.2}% 12
\BOOKMARK [2][-]{subsection.2.2.6}{\376\377\0002\000.\0002\000.\0006\000\040\000I\000m\000g\145\207\116\366\131\071}{section.2.2}% 13
\BOOKMARK [2][-]{subsection.2.2.7}{\376\377\0002\000.\0002\000.\0007\000\040\000B\000i\000b\000l\000i\000o\145\207\116\366\131\071}{section.2.2}% 14
\BOOKMARK [1][-]{section.2.3}{\376\377\0002\000.\0003\000\040\145\160\133\146\121\154\137\017\060\001\126\376\210\150\060\001\123\302\200\003\145\207\163\056\173\111\122\237\200\375}{chapter.2}% 15
\BOOKMARK [2][-]{subsection.2.3.1}{\376\377\0002\000.\0003\000.\0001\000\040\145\160\133\146\121\154\137\017}{section.2.3}% 16
\BOOKMARK [2][-]{subsection.2.3.2}{\376\377\0002\000.\0003\000.\0002\000\040\210\150\150\074}{section.2.3}% 17
\BOOKMARK [2][-]{subsection.2.3.3}{\376\377\0002\000.\0003\000.\0003\000\040\126\376\162\107\143\322\121\145}{section.2.3}% 18
\BOOKMARK [2][-]{subsection.2.3.4}{\376\377\0002\000.\0003\000.\0004\000\040\173\227\154\325}{section.2.3}% 19
\BOOKMARK [2][-]{subsection.2.3.5}{\376\377\0002\000.\0003\000.\0005\000\040\123\302\200\003\145\207\163\056\137\025\165\050}{section.2.3}% 20
\BOOKMARK [1][-]{section.2.4}{\376\377\0002\000.\0004\000\040\136\070\211\301\117\177\165\050\225\356\230\230}{chapter.2}% 21
\BOOKMARK [0][-]{appendix.A}{\376\377\226\104\137\125\000\040\000A\000\040\000\040\145\260\165\206\131\047\133\146\133\146\117\115\213\272\145\207\144\260\121\231\211\201\154\102}{}% 22
\BOOKMARK [1][-]{section.A.1}{\376\377\000A\000.\0001\000\040\213\272\145\207\145\340\226\104\137\125\200\005\145\340\227\000\226\104\137\125\220\350\122\006}{appendix.A}% 23
\BOOKMARK [1][-]{section.A.2}{\376\377\000A\000.\0002\000\040\155\113\213\325\121\154\137\017\177\026\123\367}{appendix.A}% 24
\BOOKMARK [1][-]{section.A.3}{\376\377\000A\000.\0003\000\040\155\113\213\325\165\037\120\373\133\127}{appendix.A}% 25
\BOOKMARK [0][-]{section*.9}{\376\377\123\302\200\003\145\207\163\056}{}% 26
\BOOKMARK [0][-]{appendix*.10}{\376\377\145\073\213\373\170\125\130\353\133\146\117\115\147\037\225\364\123\321\210\150\166\204\133\146\147\057\213\272\145\207\156\005\123\125}{}% 27
\BOOKMARK [0][-]{appendix*.11}{\376\377\201\364\214\042}{}% 28
\BOOKMARK [0][-]{appendix*.12}{\376\377\133\146\117\115\213\272\145\207\162\354\122\033\130\360\146\016}{}% 29
\BOOKMARK [0][-]{appendix*.13}{\376\377\133\146\117\115\213\272\145\207\167\345\213\306\116\247\147\103\147\103\134\136\130\360\146\016}{}% 30
